<?xml version="1.0" encoding="UTF-8"?>
<testng-results ignored="0" total="1" passed="1" failed="0" skipped="0">
  <reporter-output>
  </reporter-output>
  <suite started-at="2022-01-20T15:52:38 IST" name="suite1" finished-at="2022-01-20T15:53:00 IST" duration-ms="22513">
    <groups>
    </groups>
    <test started-at="2022-01-20T15:52:38 IST" name="test1" finished-at="2022-01-20T15:53:00 IST" duration-ms="22513">
      <class name="executerScript.LoginScript">
        <test-method is-config="true" signature="openBrowser(java.lang.String)[pri:0, instance:executerScript.LoginScript@2053d869]" started-at="2022-01-20T15:52:38 IST" name="openBrowser" finished-at="2022-01-20T15:52:53 IST" duration-ms="14726" status="PASS">
          <params>
            <param index="0">
              <value>
                <![CDATA[chrome]]>
              </value>
            </param>
          </params>
          <reporter-output>
          </reporter-output>
        </test-method> <!-- openBrowser -->
        <test-method signature="loginFunc()[pri:0, instance:executerScript.LoginScript@2053d869]" started-at="2022-01-20T15:52:53 IST" name="loginFunc" finished-at="2022-01-20T15:53:00 IST" duration-ms="7138" status="PASS">
          <reporter-output>
          </reporter-output>
        </test-method> <!-- loginFunc -->
        <test-method is-config="true" signature="closeBrowser()[pri:0, instance:executerScript.LoginScript@2053d869]" started-at="2022-01-20T15:53:00 IST" name="closeBrowser" finished-at="2022-01-20T15:53:00 IST" duration-ms="552" status="PASS">
          <reporter-output>
          </reporter-output>
        </test-method> <!-- closeBrowser -->
      </class> <!-- executerScript.LoginScript -->
    </test> <!-- test1 -->
  </suite> <!-- suite1 -->
</testng-results>
